xii__2021-3-26-4-53-42.docx
xii__2021-3-26-4-53-42.docx
xii__2021-3-26-4-53-42.docx
xii__2021-3-26-5-1-26.docx
xii__2021-3-26-4-53-42.docx
xii__2021-3-26-5-1-26.docx
w8887__2021-3-26-12-25-27.docx
w8887__2021-3-26-12-22-37.docx
w8887__2021-3-26-12-25-27.docx
w8887__2021-3-26-12-22-37.docx
w8887__2021-3-26-16-26-50.docx
w8887__2021-3-26-12-25-27.docx
w8887__2021-3-26-12-22-37.docx
w8887__2021-3-26-12-30-36.docx
vladmir__2021-3-30-0-32-15.docx
vladmir__2021-3-27-22-0-45.docx
Murad__2021-3-26-10-21-49.docx
16
18
18
21
